2025-09-27T11:26:05.300840Z [-] Unable to write to plugin cache /usr/local/lib/python3.10/site-packages/twisted/plugins/dropin.cache: error number 13
2025-09-27T11:26:06.236553Z [-] Reading configuration from ['/home/cowrie/cowrie/etc/cowrie.cfg.dist', '/home/cowrie/cowrie/etc/cowrie.cfg']
2025-09-27T11:26:14.549361Z [-] Python Version 3.10.18 (main, Sep  8 2025, 21:42:39) [GCC 14.2.0]
2025-09-27T11:26:14.549484Z [-] Twisted Version 25.5.0
2025-09-27T11:26:14.549551Z [-] Cowrie Version 2.0.0
2025-09-27T11:26:14.632353Z [-] Loaded output engine: jsonlog
2025-09-27T11:26:14.640544Z [twisted.scripts._twistd_unix.UnixAppLogger#info] twistd 25.5.0 (/usr/local/bin/python3.10 3.10.18) starting up.
2025-09-27T11:26:14.641165Z [twisted.scripts._twistd_unix.UnixAppLogger#info] reactor class: twisted.internet.epollreactor.EPollReactor.
2025-09-27T11:26:14.642724Z [-] CowrieSSHFactory starting on 2222
2025-09-27T11:26:14.643241Z [cowrie.ssh.factory.CowrieSSHFactory#info] Starting factory <cowrie.ssh.factory.CowrieSSHFactory object at 0x7fac8c0a7a60>
2025-09-27T11:26:15.022787Z [-] Ready to accept SSH connections
2025-09-27T11:26:15.024234Z [-] HoneyPotTelnetFactory starting on 2223
2025-09-27T11:26:15.024702Z [cowrie.telnet.factory.HoneyPotTelnetFactory#info] Starting factory <cowrie.telnet.factory.HoneyPotTelnetFactory object at 0x7fac8c0a7df0>
2025-09-27T11:26:15.072260Z [-] Ready to accept Telnet connections
2025-09-27T14:36:09.454809Z [twisted.internet.base#info] Received SIGTERM, shutting down.
2025-09-27T14:36:09.456166Z [-] (TCP Port 2223 Closed)
2025-09-27T14:36:09.456674Z [cowrie.telnet.factory.HoneyPotTelnetFactory#info] Stopping factory <cowrie.telnet.factory.HoneyPotTelnetFactory object at 0x7fac8c0a7df0>
2025-09-27T14:36:09.457212Z [-] (TCP Port 2222 Closed)
2025-09-27T14:36:09.457612Z [cowrie.ssh.factory.CowrieSSHFactory#info] Stopping factory <cowrie.ssh.factory.CowrieSSHFactory object at 0x7fac8c0a7a60>
2025-09-27T14:36:09.458279Z [twisted.internet.base#info] Main loop terminated.
2025-09-27T14:36:09.458931Z [twisted.scripts._twistd_unix.UnixAppLogger#info] Server Shut Down.
2025-09-27T14:39:11.971418Z [-] Unable to write to plugin cache /usr/local/lib/python3.10/site-packages/twisted/plugins/dropin.cache: error number 13
2025-09-27T14:39:12.614211Z [-] Reading configuration from ['/home/cowrie/cowrie/etc/cowrie.cfg.dist', '/home/cowrie/cowrie/etc/cowrie.cfg']
2025-09-27T14:39:19.557237Z [-] Python Version 3.10.18 (main, Sep  8 2025, 21:42:39) [GCC 14.2.0]
2025-09-27T14:39:19.557312Z [-] Twisted Version 25.5.0
2025-09-27T14:39:19.557344Z [-] Cowrie Version 2.0.0
2025-09-27T14:39:19.658289Z [-] Loaded output engine: jsonlog
2025-09-27T14:39:19.716448Z [twisted.scripts._twistd_unix.UnixAppLogger#info] twistd 25.5.0 (/usr/local/bin/python3.10 3.10.18) starting up.
2025-09-27T14:39:19.717239Z [twisted.scripts._twistd_unix.UnixAppLogger#info] reactor class: twisted.internet.epollreactor.EPollReactor.
2025-09-27T14:39:19.779673Z [-] CowrieSSHFactory starting on 2222
2025-09-27T14:39:19.779995Z [cowrie.ssh.factory.CowrieSSHFactory#info] Starting factory <cowrie.ssh.factory.CowrieSSHFactory object at 0x7f84a0b8b910>
2025-09-27T14:39:20.203796Z [-] Ready to accept SSH connections
2025-09-27T14:39:20.204747Z [-] HoneyPotTelnetFactory starting on 2223
2025-09-27T14:39:20.205093Z [cowrie.telnet.factory.HoneyPotTelnetFactory#info] Starting factory <cowrie.telnet.factory.HoneyPotTelnetFactory object at 0x7f84a0b8b9d0>
2025-09-27T14:39:20.274999Z [-] Ready to accept Telnet connections
